<?xml version="1.0" encoding="UTF-8"?>
<!-- Generated by org.testng.reporters.JUnitReportReporter -->
<testsuite hostname="LAPTOP-0GCJAOV6" failures="0" tests="1" name="testNGscripts.IFrameDemo" time="37.394" errors="0" timestamp="2022-09-22T10:50:52 IST" skipped="0">
  <testcase classname="testNGscripts.IFrameDemo" name="f" time="37.394"/>
  <system-out/>
</testsuite> <!-- testNGscripts.IFrameDemo -->
