<?xml version="1.0" encoding="UTF-8"?>
<!-- Generated by org.testng.reporters.JUnitReportReporter -->
<testsuite hostname="LAPTOP-0GCJAOV6" failures="0" tests="3" name="testNGscripts.DemoTestNGScripts" time="0.032" errors="0" timestamp="2022-09-19T09:43:24 IST" skipped="0">
  <testcase classname="testNGscripts.DemoTestNGScripts" name="jkl" time="0.028"/>
  <system-out/>
  <testcase classname="testNGscripts.DemoTestNGScripts" name="def" time="0.002"/>
  <system-out/>
  <testcase classname="testNGscripts.DemoTestNGScripts" name="abc" time="0.002"/>
  <system-out/>
</testsuite> <!-- testNGscripts.DemoTestNGScripts -->
