<?xml version="1.0" encoding="UTF-8"?>
<!-- Generated by org.testng.reporters.JUnitReportReporter -->
<testsuite hostname="LAPTOP-0GCJAOV6" failures="0" tests="3" name="testNGscripts.DataproviderDemo" time="0.017" errors="0" timestamp="2022-09-20T09:56:27 IST" skipped="0">
  <testcase classname="testNGscripts.DataproviderDemo" name="f" time="0.002"/>
  <system-out/>
  <testcase classname="testNGscripts.DataproviderDemo" name="f" time="0.013"/>
  <system-out/>
  <testcase classname="testNGscripts.DataproviderDemo" name="f" time="0.002"/>
  <system-out/>
</testsuite> <!-- testNGscripts.DataproviderDemo -->
