<?xml version="1.0" encoding="UTF-8"?>
<!-- Generated by org.testng.reporters.JUnitReportReporter -->
<testsuite hostname="LAPTOP-0GCJAOV6" failures="0" tests="1" name="testNGscripts.DemoScript_xml" time="0.010" errors="0" timestamp="2022-09-20T10:54:43 IST" skipped="0">
  <testcase classname="testNGscripts.DemoScript_xml" name="demo" time="0.010"/>
  <system-out/>
</testsuite> <!-- testNGscripts.DemoScript_xml -->
