<?xml version="1.0" encoding="UTF-8"?>
<!-- Generated by org.testng.reporters.JUnitReportReporter -->
<testsuite hostname="LAPTOP-0GCJAOV6" failures="0" tests="1" name="testNGscripts.Rediff" time="21.795" errors="0" timestamp="2022-09-22T10:08:31 IST" skipped="0">
  <testcase classname="testNGscripts.Rediff" name="rediff" time="21.795"/>
  <system-out/>
</testsuite> <!-- testNGscripts.Rediff -->
