<?xml version="1.0" encoding="UTF-8"?>
<!-- Generated by org.testng.reporters.JUnitReportReporter -->
<testsuite hostname="LAPTOP-0GCJAOV6" failures="0" tests="2" name="testNGscripts.OpenAppls" time="6.926" errors="0" timestamp="2022-09-20T10:54:43 IST" skipped="0">
  <testcase classname="testNGscripts.OpenAppls" name="openBlaze" time="2.751"/>
  <system-out/>
  <testcase classname="testNGscripts.OpenAppls" name="openOHRM" time="4.175"/>
  <system-out/>
</testsuite> <!-- testNGscripts.OpenAppls -->
